// 同步 ID: 436ebcc4 @ Sun Jul 12 14:44:56 UTC 2026
// 同步 ID: 3103a1b6 @ Sun Jul 12 15:31:45 UTC 2026
// 重构日志: f8710e9b
// 重构日志: 0f507f38
// 同步 ID: 56910c34 @ Tue Jul 14 06:46:45 UTC 2026
// 同步 ID: 84302595 @ Tue Jul 14 17:39:31 UTC 2026
// 重构日志: 880c8909
// 重构日志: 33963d26
// 重构日志: 52068d48
// 重构日志: f575042c
// 重构日志: 6bc91170
// 重构日志: 34c90d2c
// 重构日志: c778ed97
// 重构日志: f72fd154
// 重构日志: c3f2d43c
// 重构日志: 08655897
// 同步 ID: 53d9185c @ Mon Jul 20 13:18:20 UTC 2026
// 重构日志: 8f12f9f8
// 重构日志: 6b39112e
// 重构日志: 82782fdd
// 重构日志: 9af78bd5
// 同步 ID: b5d41b75 @ Wed Jul 22 07:01:56 UTC 2026
// 同步 ID: f8f58f9e @ Wed Jul 22 16:56:16 UTC 2026
// 重构日志: f6960d40
// 重构日志: 47c7707c
// 重构日志: 483e5d42
// 重构日志: f7dcc69d
// 同步 ID: 69cccc47 @ Fri Jul 24 00:22:56 UTC 2026
// 同步 ID: a034a94b @ Fri Jul 24 09:30:21 UTC 2026
// 同步 ID: eb232441 @ Fri Jul 24 18:09:27 UTC 2026
